<?xml version="1.0" encoding="UTF-8"?>
<!-- Generated by org.testng.reporters.JUnitXMLReporter -->
<testsuite ignored="4" hostname="DESKTOP-68BCR7S" failures="0" tests="2" name="testing" time="0.053" errors="0" timestamp="2023-10-26T12:09:36 IST">
  <testcase classname="com.gentech.users.Users" name="createUser" time="0.006"/>
  <testcase classname="com.gentech.products.Products" name="createProduct" time="0.001"/>
  <testcase classname="com.gentech.users.Users" name="deleteUser" time="0.0">
    <ignored/>
  </testcase> <!-- deleteUser -->
  <testcase classname="com.gentech.users.Users" name="modifyUser" time="0.0">
    <ignored/>
  </testcase> <!-- modifyUser -->
  <testcase classname="com.gentech.products.Products" name="modifyProduct" time="0.0">
    <ignored/>
  </testcase> <!-- modifyProduct -->
  <testcase classname="com.gentech.products.Products" name="deleteProduct" time="0.0">
    <ignored/>
  </testcase> <!-- deleteProduct -->
</testsuite> <!-- testing -->
