<?xml version="1.0" encoding="UTF-8"?>
<testng-results ignored="0" total="1" passed="1" failed="0" skipped="0">
  <reporter-output>
  </reporter-output>
  <suite started-at="2023-10-31T12:25:05 IST" name="Default suite" finished-at="2023-10-31T12:25:06 IST" duration-ms="59">
    <groups>
    </groups>
    <test started-at="2023-10-31T12:25:05 IST" name="Default test" finished-at="2023-10-31T12:25:06 IST" duration-ms="59">
      <class name="com.gentech.tests.csvdemo.CSVReadContentDemo">
        <test-method signature="readContent()[pri:0, instance:com.gentech.tests.csvdemo.CSVReadContentDemo@1649b0e6]" started-at="2023-10-31T12:25:06 IST" name="readContent" finished-at="2023-10-31T12:25:06 IST" duration-ms="21" status="PASS">
          <reporter-output>
          </reporter-output>
        </test-method> <!-- readContent -->
      </class> <!-- com.gentech.tests.csvdemo.CSVReadContentDemo -->
    </test> <!-- Default test -->
  </suite> <!-- Default suite -->
</testng-results>
