<?xml version="1.0" encoding="UTF-8"?>
<!-- Generated by org.testng.reporters.JUnitXMLReporter -->
<testsuite ignored="0" hostname="DESKTOP-68BCR7S" failures="0" tests="6" name="users and products" time="0.068" errors="0" timestamp="2023-10-26T11:50:40 IST">
  <testcase classname="com.gentech.users.Users" name="createUser" time="0.004"/>
  <testcase classname="com.gentech.users.Users" name="deleteUser" time="0.001"/>
  <testcase classname="com.gentech.users.Users" name="modifyUser" time="0.003"/>
  <testcase classname="com.gentech.products.Products" name="createProduct" time="0.002"/>
  <testcase classname="com.gentech.products.Products" name="deleteProduct" time="0.001"/>
  <testcase classname="com.gentech.products.Products" name="modifyProduct" time="0.002"/>
</testsuite> <!-- users and products -->
