<?xml version="1.0" encoding="UTF-8"?>
<!-- Generated by org.testng.reporters.JUnitXMLReporter -->
<testsuite ignored="0" hostname="DESKTOP-68BCR7S" failures="0" tests="4" name="Default test" time="0.056" errors="0" timestamp="2023-10-26T13:58:30 IST">
  <testcase classname="com.gentech.tests.testcases.Testcases" name="method1" time="0.008"/>
  <testcase classname="com.gentech.tests.testcases.Testcases" name="method2" time="0.001"/>
  <testcase classname="com.gentech.tests.testcases.Testcases" name="method3" time="0.002"/>
  <testcase classname="com.gentech.tests.testcases.Testcases" name="method4" time="0.001"/>
</testsuite> <!-- Default test -->
