<?xml version="1.0" encoding="UTF-8"?>
<testng-results ignored="0" total="4" passed="4" failed="0" skipped="0">
  <reporter-output>
  </reporter-output>
  <suite started-at="2023-10-26T13:58:30 IST" name="Default suite" finished-at="2023-10-26T13:58:30 IST" duration-ms="56">
    <groups>
    </groups>
    <test started-at="2023-10-26T13:58:30 IST" name="Default test" finished-at="2023-10-26T13:58:30 IST" duration-ms="56">
      <class name="com.gentech.tests.testcases.Testcases">
        <test-method signature="method1()[pri:0, instance:com.gentech.tests.testcases.Testcases@13b13b5d]" started-at="2023-10-26T13:58:30 IST" name="method1" finished-at="2023-10-26T13:58:30 IST" duration-ms="8" status="PASS">
          <reporter-output>
          </reporter-output>
        </test-method> <!-- method1 -->
        <test-method signature="method2()[pri:0, instance:com.gentech.tests.testcases.Testcases@13b13b5d]" started-at="2023-10-26T13:58:30 IST" name="method2" finished-at="2023-10-26T13:58:30 IST" duration-ms="1" status="PASS">
          <reporter-output>
          </reporter-output>
        </test-method> <!-- method2 -->
        <test-method signature="method3()[pri:0, instance:com.gentech.tests.testcases.Testcases@13b13b5d]" started-at="2023-10-26T13:58:30 IST" name="method3" finished-at="2023-10-26T13:58:30 IST" duration-ms="2" status="PASS">
          <reporter-output>
          </reporter-output>
        </test-method> <!-- method3 -->
        <test-method signature="method4()[pri:0, instance:com.gentech.tests.testcases.Testcases@13b13b5d]" started-at="2023-10-26T13:58:30 IST" name="method4" finished-at="2023-10-26T13:58:30 IST" duration-ms="1" status="PASS">
          <reporter-output>
          </reporter-output>
        </test-method> <!-- method4 -->
      </class> <!-- com.gentech.tests.testcases.Testcases -->
    </test> <!-- Default test -->
  </suite> <!-- Default suite -->
</testng-results>
