<?xml version="1.0" encoding="UTF-8"?>
<!-- Generated by org.testng.reporters.JUnitXMLReporter -->
<testsuite ignored="0" hostname="DESKTOP-68BCR7S" failures="0" tests="6" name="testcases" time="0.095" errors="0" timestamp="2023-10-26T12:00:38 IST">
  <testcase classname="com.gentech.users.Users" name="createUser" time="0.006"/>
  <testcase classname="com.gentech.users.Users" name="deleteUser" time="0.004"/>
  <testcase classname="com.gentech.users.Users" name="modifyUser" time="0.001"/>
  <testcase classname="com.gentech.products.Products" name="createProduct" time="0.002"/>
  <testcase classname="com.gentech.products.Products" name="deleteProduct" time="0.001"/>
  <testcase classname="com.gentech.products.Products" name="modifyProduct" time="0.001"/>
</testsuite> <!-- testcases -->
